[0.053s] DEBUG:colcon:Command line arguments: ['/usr/bin/colcon', 'build', '--packages-select', 'kalman_filter']
[0.053s] DEBUG:colcon:Parsed command line arguments: Namespace(log_base=None, log_level=None, verb_name='build', build_base='build', install_base='install', merge_install=False, symlink_install=False, test_result_base=None, continue_on_error=False, executor='parallel', parallel_workers=20, event_handlers=None, ignore_user_meta=False, metas=['./colcon.meta'], base_paths=['.'], packages_ignore=None, packages_ignore_regex=None, paths=None, packages_up_to=None, packages_up_to_regex=None, packages_above=None, packages_above_and_dependencies=None, packages_above_depth=None, packages_select_by_dep=None, packages_skip_by_dep=None, packages_skip_up_to=None, packages_select_build_failed=False, packages_skip_build_finished=False, packages_select_test_failures=False, packages_skip_test_passed=False, packages_select=['kalman_filter'], packages_skip=None, packages_select_regex=None, packages_skip_regex=None, packages_start=None, packages_end=None, allow_overriding=[], cmake_args=None, cmake_target=None, cmake_target_skip_unavailable=False, cmake_clean_cache=False, cmake_clean_first=False, cmake_force_configure=False, ament_cmake_args=None, catkin_cmake_args=None, catkin_skip_building_tests=False, verb_parser=<colcon_defaults.argument_parser.defaults.DefaultArgumentsDecorator object at 0x7e8db484d660>, verb_extension=<colcon_core.verb.build.BuildVerb object at 0x7e8db484d210>, main=<bound method BuildVerb.main of <colcon_core.verb.build.BuildVerb object at 0x7e8db484d210>>)
[0.140s] Level 1:colcon.colcon_core.package_discovery:discover_packages(colcon_meta) check parameters
[0.140s] Level 1:colcon.colcon_core.package_discovery:discover_packages(recursive) check parameters
[0.140s] Level 1:colcon.colcon_core.package_discovery:discover_packages(ignore) check parameters
[0.140s] Level 1:colcon.colcon_core.package_discovery:discover_packages(path) check parameters
[0.140s] Level 1:colcon.colcon_core.package_discovery:discover_packages(colcon_meta) discover
[0.140s] Level 1:colcon.colcon_core.package_discovery:discover_packages(recursive) discover
[0.140s] INFO:colcon.colcon_core.package_discovery:Crawling recursively for packages in '/home/nikunj/ros2_ws'
[0.141s] Level 1:colcon.colcon_core.package_identification:_identify(.) by extensions ['ignore', 'ignore_ament_install']
[0.141s] Level 1:colcon.colcon_core.package_identification:_identify(.) by extension 'ignore'
[0.141s] Level 1:colcon.colcon_core.package_identification:_identify(.) by extension 'ignore_ament_install'
[0.141s] Level 1:colcon.colcon_core.package_identification:_identify(.) by extensions ['colcon_pkg']
[0.141s] Level 1:colcon.colcon_core.package_identification:_identify(.) by extension 'colcon_pkg'
[0.141s] Level 1:colcon.colcon_core.package_identification:_identify(.) by extensions ['colcon_meta']
[0.141s] Level 1:colcon.colcon_core.package_identification:_identify(.) by extension 'colcon_meta'
[0.141s] Level 1:colcon.colcon_core.package_identification:_identify(.) by extensions ['ros']
[0.141s] Level 1:colcon.colcon_core.package_identification:_identify(.) by extension 'ros'
[0.147s] Level 1:colcon.colcon_core.package_identification:_identify(.) by extensions ['cmake', 'python']
[0.147s] Level 1:colcon.colcon_core.package_identification:_identify(.) by extension 'cmake'
[0.147s] Level 1:colcon.colcon_core.package_identification:_identify(.) by extension 'python'
[0.147s] Level 1:colcon.colcon_core.package_identification:_identify(.) by extensions ['python_setup_py']
[0.147s] Level 1:colcon.colcon_core.package_identification:_identify(.) by extension 'python_setup_py'
[0.147s] Level 1:colcon.colcon_core.package_identification:_identify(build) by extensions ['ignore', 'ignore_ament_install']
[0.147s] Level 1:colcon.colcon_core.package_identification:_identify(build) by extension 'ignore'
[0.147s] Level 1:colcon.colcon_core.package_identification:_identify(build) ignored
[0.147s] Level 1:colcon.colcon_core.package_identification:_identify(install) by extensions ['ignore', 'ignore_ament_install']
[0.147s] Level 1:colcon.colcon_core.package_identification:_identify(install) by extension 'ignore'
[0.147s] Level 1:colcon.colcon_core.package_identification:_identify(install) ignored
[0.147s] Level 1:colcon.colcon_core.package_identification:_identify(log) by extensions ['ignore', 'ignore_ament_install']
[0.147s] Level 1:colcon.colcon_core.package_identification:_identify(log) by extension 'ignore'
[0.147s] Level 1:colcon.colcon_core.package_identification:_identify(log) ignored
[0.147s] Level 1:colcon.colcon_core.package_identification:_identify(src) by extensions ['ignore', 'ignore_ament_install']
[0.147s] Level 1:colcon.colcon_core.package_identification:_identify(src) by extension 'ignore'
[0.147s] Level 1:colcon.colcon_core.package_identification:_identify(src) by extension 'ignore_ament_install'
[0.147s] Level 1:colcon.colcon_core.package_identification:_identify(src) by extensions ['colcon_pkg']
[0.147s] Level 1:colcon.colcon_core.package_identification:_identify(src) by extension 'colcon_pkg'
[0.147s] Level 1:colcon.colcon_core.package_identification:_identify(src) by extensions ['colcon_meta']
[0.147s] Level 1:colcon.colcon_core.package_identification:_identify(src) by extension 'colcon_meta'
[0.147s] Level 1:colcon.colcon_core.package_identification:_identify(src) by extensions ['ros']
[0.147s] Level 1:colcon.colcon_core.package_identification:_identify(src) by extension 'ros'
[0.147s] Level 1:colcon.colcon_core.package_identification:_identify(src) by extensions ['cmake', 'python']
[0.147s] Level 1:colcon.colcon_core.package_identification:_identify(src) by extension 'cmake'
[0.148s] Level 1:colcon.colcon_core.package_identification:_identify(src) by extension 'python'
[0.148s] Level 1:colcon.colcon_core.package_identification:_identify(src) by extensions ['python_setup_py']
[0.148s] Level 1:colcon.colcon_core.package_identification:_identify(src) by extension 'python_setup_py'
[0.148s] Level 1:colcon.colcon_core.package_identification:_identify(src/kalman_filter) by extensions ['ignore', 'ignore_ament_install']
[0.148s] Level 1:colcon.colcon_core.package_identification:_identify(src/kalman_filter) by extension 'ignore'
[0.148s] Level 1:colcon.colcon_core.package_identification:_identify(src/kalman_filter) by extension 'ignore_ament_install'
[0.148s] Level 1:colcon.colcon_core.package_identification:_identify(src/kalman_filter) by extensions ['colcon_pkg']
[0.148s] Level 1:colcon.colcon_core.package_identification:_identify(src/kalman_filter) by extension 'colcon_pkg'
[0.148s] Level 1:colcon.colcon_core.package_identification:_identify(src/kalman_filter) by extensions ['colcon_meta']
[0.148s] Level 1:colcon.colcon_core.package_identification:_identify(src/kalman_filter) by extension 'colcon_meta'
[0.148s] Level 1:colcon.colcon_core.package_identification:_identify(src/kalman_filter) by extensions ['ros']
[0.148s] Level 1:colcon.colcon_core.package_identification:_identify(src/kalman_filter) by extension 'ros'
[0.149s] DEBUG:colcon.colcon_core.package_identification:Package 'src/kalman_filter' with type 'ros.ament_cmake' and name 'kalman_filter'
[0.149s] Level 1:colcon.colcon_core.package_discovery:discover_packages(recursive) using defaults
[0.149s] Level 1:colcon.colcon_core.package_discovery:discover_packages(ignore) discover
[0.149s] Level 1:colcon.colcon_core.package_discovery:discover_packages(ignore) using defaults
[0.149s] Level 1:colcon.colcon_core.package_discovery:discover_packages(path) discover
[0.149s] Level 1:colcon.colcon_core.package_discovery:discover_packages(path) using defaults
[0.164s] Level 1:colcon.colcon_core.package_discovery:discover_packages(prefix_path) check parameters
[0.164s] Level 1:colcon.colcon_core.package_discovery:discover_packages(prefix_path) discover
[0.166s] DEBUG:colcon.colcon_installed_package_information.package_discovery:Found 351 installed packages in /opt/ros/humble
[0.167s] Level 1:colcon.colcon_core.package_discovery:discover_packages(prefix_path) using defaults
[0.187s] Level 5:colcon.colcon_core.verb:set package 'kalman_filter' build argument 'cmake_args' from command line to 'None'
[0.187s] Level 5:colcon.colcon_core.verb:set package 'kalman_filter' build argument 'cmake_target' from command line to 'None'
[0.187s] Level 5:colcon.colcon_core.verb:set package 'kalman_filter' build argument 'cmake_target_skip_unavailable' from command line to 'False'
[0.187s] Level 5:colcon.colcon_core.verb:set package 'kalman_filter' build argument 'cmake_clean_cache' from command line to 'False'
[0.187s] Level 5:colcon.colcon_core.verb:set package 'kalman_filter' build argument 'cmake_clean_first' from command line to 'False'
[0.187s] Level 5:colcon.colcon_core.verb:set package 'kalman_filter' build argument 'cmake_force_configure' from command line to 'False'
[0.187s] Level 5:colcon.colcon_core.verb:set package 'kalman_filter' build argument 'ament_cmake_args' from command line to 'None'
[0.187s] Level 5:colcon.colcon_core.verb:set package 'kalman_filter' build argument 'catkin_cmake_args' from command line to 'None'
[0.187s] Level 5:colcon.colcon_core.verb:set package 'kalman_filter' build argument 'catkin_skip_building_tests' from command line to 'False'
[0.187s] DEBUG:colcon.colcon_core.verb:Building package 'kalman_filter' with the following arguments: {'ament_cmake_args': None, 'build_base': '/home/nikunj/ros2_ws/build/kalman_filter', 'catkin_cmake_args': None, 'catkin_skip_building_tests': False, 'cmake_args': None, 'cmake_clean_cache': False, 'cmake_clean_first': False, 'cmake_force_configure': False, 'cmake_target': None, 'cmake_target_skip_unavailable': False, 'install_base': '/home/nikunj/ros2_ws/install/kalman_filter', 'merge_install': False, 'path': '/home/nikunj/ros2_ws/src/kalman_filter', 'symlink_install': False, 'test_result_base': None}
[0.188s] INFO:colcon.colcon_core.executor:Executing jobs using 'parallel' executor
[0.188s] DEBUG:colcon.colcon_parallel_executor.executor.parallel:run_until_complete
[0.188s] INFO:colcon.colcon_ros.task.ament_cmake.build:Building ROS package in '/home/nikunj/ros2_ws/src/kalman_filter' with build type 'ament_cmake'
[0.188s] INFO:colcon.colcon_cmake.task.cmake.build:Building CMake package in '/home/nikunj/ros2_ws/src/kalman_filter'
[0.189s] INFO:colcon.colcon_core.plugin_system:Skipping extension 'colcon_core.shell.bat': Not used on non-Windows systems
[0.189s] INFO:colcon.colcon_core.shell:Skip shell extension 'powershell' for command environment: Not usable outside of PowerShell
[0.189s] DEBUG:colcon.colcon_core.shell:Skip shell extension 'dsv' for command environment
[0.194s] DEBUG:colcon.colcon_core.event_handler.log_command:Invoking command in '/home/nikunj/ros2_ws/build/kalman_filter': CMAKE_PREFIX_PATH=/opt/ros/humble /usr/bin/cmake /home/nikunj/ros2_ws/src/kalman_filter -DCMAKE_INSTALL_PREFIX=/home/nikunj/ros2_ws/install/kalman_filter
[0.607s] DEBUG:colcon.colcon_core.event_handler.log_command:Invoked command in '/home/nikunj/ros2_ws/build/kalman_filter' returned '0': CMAKE_PREFIX_PATH=/opt/ros/humble /usr/bin/cmake /home/nikunj/ros2_ws/src/kalman_filter -DCMAKE_INSTALL_PREFIX=/home/nikunj/ros2_ws/install/kalman_filter
[0.608s] DEBUG:colcon.colcon_core.event_handler.log_command:Invoking command in '/home/nikunj/ros2_ws/build/kalman_filter': CMAKE_PREFIX_PATH=/opt/ros/humble /usr/bin/cmake --build /home/nikunj/ros2_ws/build/kalman_filter -- -j20 -l20
[9.768s] DEBUG:colcon.colcon_core.event_handler.log_command:Invoked command in '/home/nikunj/ros2_ws/build/kalman_filter' returned '0': CMAKE_PREFIX_PATH=/opt/ros/humble /usr/bin/cmake --build /home/nikunj/ros2_ws/build/kalman_filter -- -j20 -l20
[9.786s] DEBUG:colcon.colcon_core.event_handler.log_command:Invoking command in '/home/nikunj/ros2_ws/build/kalman_filter': CMAKE_PREFIX_PATH=/opt/ros/humble /usr/bin/cmake --install /home/nikunj/ros2_ws/build/kalman_filter
[9.795s] Level 1:colcon.colcon_core.environment:create_environment_scripts_only(kalman_filter)
[9.795s] DEBUG:colcon.colcon_core.event_handler.log_command:Invoked command in '/home/nikunj/ros2_ws/build/kalman_filter' returned '0': CMAKE_PREFIX_PATH=/opt/ros/humble /usr/bin/cmake --install /home/nikunj/ros2_ws/build/kalman_filter
[9.796s] Level 1:colcon.colcon_core.environment:checking '/home/nikunj/ros2_ws/install/kalman_filter' for CMake module files
[9.796s] Level 1:colcon.colcon_core.environment:checking '/home/nikunj/ros2_ws/install/kalman_filter' for CMake config files
[9.796s] Level 1:colcon.colcon_core.shell:create_environment_hook('kalman_filter', 'cmake_prefix_path')
[9.796s] INFO:colcon.colcon_core.shell:Creating environment hook '/home/nikunj/ros2_ws/install/kalman_filter/share/kalman_filter/hook/cmake_prefix_path.ps1'
[9.797s] INFO:colcon.colcon_core.shell:Creating environment descriptor '/home/nikunj/ros2_ws/install/kalman_filter/share/kalman_filter/hook/cmake_prefix_path.dsv'
[9.797s] INFO:colcon.colcon_core.shell:Creating environment hook '/home/nikunj/ros2_ws/install/kalman_filter/share/kalman_filter/hook/cmake_prefix_path.sh'
[9.798s] Level 1:colcon.colcon_core.environment:checking '/home/nikunj/ros2_ws/install/kalman_filter/lib'
[9.798s] Level 1:colcon.colcon_core.environment:checking '/home/nikunj/ros2_ws/install/kalman_filter/bin'
[9.798s] Level 1:colcon.colcon_core.environment:checking '/home/nikunj/ros2_ws/install/kalman_filter/lib/pkgconfig/kalman_filter.pc'
[9.798s] Level 1:colcon.colcon_core.environment:checking '/home/nikunj/ros2_ws/install/kalman_filter/lib/python3.10/site-packages'
[9.798s] Level 1:colcon.colcon_core.environment:checking '/home/nikunj/ros2_ws/install/kalman_filter/bin'
[9.798s] INFO:colcon.colcon_core.shell:Creating package script '/home/nikunj/ros2_ws/install/kalman_filter/share/kalman_filter/package.ps1'
[9.799s] INFO:colcon.colcon_core.shell:Creating package descriptor '/home/nikunj/ros2_ws/install/kalman_filter/share/kalman_filter/package.dsv'
[9.799s] INFO:colcon.colcon_core.shell:Creating package script '/home/nikunj/ros2_ws/install/kalman_filter/share/kalman_filter/package.sh'
[9.799s] INFO:colcon.colcon_core.shell:Creating package script '/home/nikunj/ros2_ws/install/kalman_filter/share/kalman_filter/package.bash'
[9.800s] INFO:colcon.colcon_core.shell:Creating package script '/home/nikunj/ros2_ws/install/kalman_filter/share/kalman_filter/package.zsh'
[9.800s] Level 1:colcon.colcon_core.environment:create_file_with_runtime_dependencies(/home/nikunj/ros2_ws/install/kalman_filter/share/colcon-core/packages/kalman_filter)
[9.813s] Level 1:colcon.colcon_core.environment:create_environment_scripts_only(kalman_filter)
[9.813s] Level 1:colcon.colcon_core.environment:checking '/home/nikunj/ros2_ws/install/kalman_filter' for CMake module files
[9.813s] Level 1:colcon.colcon_core.environment:checking '/home/nikunj/ros2_ws/install/kalman_filter' for CMake config files
[9.813s] Level 1:colcon.colcon_core.shell:create_environment_hook('kalman_filter', 'cmake_prefix_path')
[9.814s] INFO:colcon.colcon_core.shell:Creating environment hook '/home/nikunj/ros2_ws/install/kalman_filter/share/kalman_filter/hook/cmake_prefix_path.ps1'
[9.814s] INFO:colcon.colcon_core.shell:Creating environment descriptor '/home/nikunj/ros2_ws/install/kalman_filter/share/kalman_filter/hook/cmake_prefix_path.dsv'
[9.814s] INFO:colcon.colcon_core.shell:Creating environment hook '/home/nikunj/ros2_ws/install/kalman_filter/share/kalman_filter/hook/cmake_prefix_path.sh'
[9.814s] Level 1:colcon.colcon_core.environment:checking '/home/nikunj/ros2_ws/install/kalman_filter/lib'
[9.814s] Level 1:colcon.colcon_core.environment:checking '/home/nikunj/ros2_ws/install/kalman_filter/bin'
[9.814s] Level 1:colcon.colcon_core.environment:checking '/home/nikunj/ros2_ws/install/kalman_filter/lib/pkgconfig/kalman_filter.pc'
[9.814s] Level 1:colcon.colcon_core.environment:checking '/home/nikunj/ros2_ws/install/kalman_filter/lib/python3.10/site-packages'
[9.814s] Level 1:colcon.colcon_core.environment:checking '/home/nikunj/ros2_ws/install/kalman_filter/bin'
[9.815s] INFO:colcon.colcon_core.shell:Creating package script '/home/nikunj/ros2_ws/install/kalman_filter/share/kalman_filter/package.ps1'
[9.815s] INFO:colcon.colcon_core.shell:Creating package descriptor '/home/nikunj/ros2_ws/install/kalman_filter/share/kalman_filter/package.dsv'
[9.815s] INFO:colcon.colcon_core.shell:Creating package script '/home/nikunj/ros2_ws/install/kalman_filter/share/kalman_filter/package.sh'
[9.815s] INFO:colcon.colcon_core.shell:Creating package script '/home/nikunj/ros2_ws/install/kalman_filter/share/kalman_filter/package.bash'
[9.815s] INFO:colcon.colcon_core.shell:Creating package script '/home/nikunj/ros2_ws/install/kalman_filter/share/kalman_filter/package.zsh'
[9.815s] Level 1:colcon.colcon_core.environment:create_file_with_runtime_dependencies(/home/nikunj/ros2_ws/install/kalman_filter/share/colcon-core/packages/kalman_filter)
[9.815s] DEBUG:colcon.colcon_parallel_executor.executor.parallel:closing loop
[9.816s] DEBUG:colcon.colcon_parallel_executor.executor.parallel:loop closed
[9.816s] DEBUG:colcon.colcon_parallel_executor.executor.parallel:run_until_complete finished with '0'
[9.816s] DEBUG:colcon.colcon_core.event_reactor:joining thread
[9.819s] INFO:colcon.colcon_core.plugin_system:Skipping extension 'colcon_notification.desktop_notification.terminal_notifier': Not used on non-Darwin systems
[9.819s] INFO:colcon.colcon_core.plugin_system:Skipping extension 'colcon_notification.desktop_notification.win32': Not used on non-Windows systems
[9.819s] INFO:colcon.colcon_notification.desktop_notification:Sending desktop notification using 'notify2'
[9.826s] DEBUG:colcon.colcon_core.event_reactor:joined thread
[9.827s] INFO:colcon.colcon_core.shell:Creating prefix script '/home/nikunj/ros2_ws/install/local_setup.ps1'
[9.827s] INFO:colcon.colcon_core.shell:Creating prefix util module '/home/nikunj/ros2_ws/install/_local_setup_util_ps1.py'
[9.828s] INFO:colcon.colcon_core.shell:Creating prefix chain script '/home/nikunj/ros2_ws/install/setup.ps1'
[9.828s] INFO:colcon.colcon_core.shell:Creating prefix script '/home/nikunj/ros2_ws/install/local_setup.sh'
[9.828s] INFO:colcon.colcon_core.shell:Creating prefix util module '/home/nikunj/ros2_ws/install/_local_setup_util_sh.py'
[9.829s] INFO:colcon.colcon_core.shell:Creating prefix chain script '/home/nikunj/ros2_ws/install/setup.sh'
[9.829s] INFO:colcon.colcon_core.shell:Creating prefix script '/home/nikunj/ros2_ws/install/local_setup.bash'
[9.829s] INFO:colcon.colcon_core.shell:Creating prefix chain script '/home/nikunj/ros2_ws/install/setup.bash'
[9.830s] INFO:colcon.colcon_core.shell:Creating prefix script '/home/nikunj/ros2_ws/install/local_setup.zsh'
[9.830s] INFO:colcon.colcon_core.shell:Creating prefix chain script '/home/nikunj/ros2_ws/install/setup.zsh'
