[0.053s] DEBUG:colcon:Command line arguments: ['/usr/bin/colcon', 'build', '--packages-select', 'kalman_filter']
[0.053s] DEBUG:colcon:Parsed command line arguments: Namespace(log_base=None, log_level=None, verb_name='build', build_base='build', install_base='install', merge_install=False, symlink_install=False, test_result_base=None, continue_on_error=False, executor='parallel', parallel_workers=20, event_handlers=None, ignore_user_meta=False, metas=['./colcon.meta'], base_paths=['.'], packages_ignore=None, packages_ignore_regex=None, paths=None, packages_up_to=None, packages_up_to_regex=None, packages_above=None, packages_above_and_dependencies=None, packages_above_depth=None, packages_select_by_dep=None, packages_skip_by_dep=None, packages_skip_up_to=None, packages_select_build_failed=False, packages_skip_build_finished=False, packages_select_test_failures=False, packages_skip_test_passed=False, packages_select=['kalman_filter'], packages_skip=None, packages_select_regex=None, packages_skip_regex=None, packages_start=None, packages_end=None, allow_overriding=[], cmake_args=None, cmake_target=None, cmake_target_skip_unavailable=False, cmake_clean_cache=False, cmake_clean_first=False, cmake_force_configure=False, ament_cmake_args=None, catkin_cmake_args=None, catkin_skip_building_tests=False, verb_parser=<colcon_defaults.argument_parser.defaults.DefaultArgumentsDecorator object at 0x758743d49630>, verb_extension=<colcon_core.verb.build.BuildVerb object at 0x758743d491e0>, main=<bound method BuildVerb.main of <colcon_core.verb.build.BuildVerb object at 0x758743d491e0>>)
[0.137s] Level 1:colcon.colcon_core.package_discovery:discover_packages(colcon_meta) check parameters
[0.137s] Level 1:colcon.colcon_core.package_discovery:discover_packages(recursive) check parameters
[0.137s] Level 1:colcon.colcon_core.package_discovery:discover_packages(ignore) check parameters
[0.137s] Level 1:colcon.colcon_core.package_discovery:discover_packages(path) check parameters
[0.137s] Level 1:colcon.colcon_core.package_discovery:discover_packages(colcon_meta) discover
[0.137s] Level 1:colcon.colcon_core.package_discovery:discover_packages(recursive) discover
[0.137s] INFO:colcon.colcon_core.package_discovery:Crawling recursively for packages in '/home/nikunj/ros2_ws'
[0.137s] Level 1:colcon.colcon_core.package_identification:_identify(.) by extensions ['ignore', 'ignore_ament_install']
[0.137s] Level 1:colcon.colcon_core.package_identification:_identify(.) by extension 'ignore'
[0.137s] Level 1:colcon.colcon_core.package_identification:_identify(.) by extension 'ignore_ament_install'
[0.137s] Level 1:colcon.colcon_core.package_identification:_identify(.) by extensions ['colcon_pkg']
[0.137s] Level 1:colcon.colcon_core.package_identification:_identify(.) by extension 'colcon_pkg'
[0.137s] Level 1:colcon.colcon_core.package_identification:_identify(.) by extensions ['colcon_meta']
[0.137s] Level 1:colcon.colcon_core.package_identification:_identify(.) by extension 'colcon_meta'
[0.137s] Level 1:colcon.colcon_core.package_identification:_identify(.) by extensions ['ros']
[0.137s] Level 1:colcon.colcon_core.package_identification:_identify(.) by extension 'ros'
[0.143s] Level 1:colcon.colcon_core.package_identification:_identify(.) by extensions ['cmake', 'python']
[0.143s] Level 1:colcon.colcon_core.package_identification:_identify(.) by extension 'cmake'
[0.143s] Level 1:colcon.colcon_core.package_identification:_identify(.) by extension 'python'
[0.143s] Level 1:colcon.colcon_core.package_identification:_identify(.) by extensions ['python_setup_py']
[0.143s] Level 1:colcon.colcon_core.package_identification:_identify(.) by extension 'python_setup_py'
[0.143s] Level 1:colcon.colcon_core.package_identification:_identify(bag_files) by extensions ['ignore', 'ignore_ament_install']
[0.143s] Level 1:colcon.colcon_core.package_identification:_identify(bag_files) by extension 'ignore'
[0.143s] Level 1:colcon.colcon_core.package_identification:_identify(bag_files) by extension 'ignore_ament_install'
[0.143s] Level 1:colcon.colcon_core.package_identification:_identify(bag_files) by extensions ['colcon_pkg']
[0.143s] Level 1:colcon.colcon_core.package_identification:_identify(bag_files) by extension 'colcon_pkg'
[0.143s] Level 1:colcon.colcon_core.package_identification:_identify(bag_files) by extensions ['colcon_meta']
[0.143s] Level 1:colcon.colcon_core.package_identification:_identify(bag_files) by extension 'colcon_meta'
[0.143s] Level 1:colcon.colcon_core.package_identification:_identify(bag_files) by extensions ['ros']
[0.143s] Level 1:colcon.colcon_core.package_identification:_identify(bag_files) by extension 'ros'
[0.143s] Level 1:colcon.colcon_core.package_identification:_identify(bag_files) by extensions ['cmake', 'python']
[0.143s] Level 1:colcon.colcon_core.package_identification:_identify(bag_files) by extension 'cmake'
[0.143s] Level 1:colcon.colcon_core.package_identification:_identify(bag_files) by extension 'python'
[0.143s] Level 1:colcon.colcon_core.package_identification:_identify(bag_files) by extensions ['python_setup_py']
[0.143s] Level 1:colcon.colcon_core.package_identification:_identify(bag_files) by extension 'python_setup_py'
[0.144s] Level 1:colcon.colcon_core.package_identification:_identify(bag_files/highway_drive_bag) by extensions ['ignore', 'ignore_ament_install']
[0.144s] Level 1:colcon.colcon_core.package_identification:_identify(bag_files/highway_drive_bag) by extension 'ignore'
[0.144s] Level 1:colcon.colcon_core.package_identification:_identify(bag_files/highway_drive_bag) by extension 'ignore_ament_install'
[0.144s] Level 1:colcon.colcon_core.package_identification:_identify(bag_files/highway_drive_bag) by extensions ['colcon_pkg']
[0.144s] Level 1:colcon.colcon_core.package_identification:_identify(bag_files/highway_drive_bag) by extension 'colcon_pkg'
[0.144s] Level 1:colcon.colcon_core.package_identification:_identify(bag_files/highway_drive_bag) by extensions ['colcon_meta']
[0.144s] Level 1:colcon.colcon_core.package_identification:_identify(bag_files/highway_drive_bag) by extension 'colcon_meta'
[0.144s] Level 1:colcon.colcon_core.package_identification:_identify(bag_files/highway_drive_bag) by extensions ['ros']
[0.144s] Level 1:colcon.colcon_core.package_identification:_identify(bag_files/highway_drive_bag) by extension 'ros'
[0.144s] Level 1:colcon.colcon_core.package_identification:_identify(bag_files/highway_drive_bag) by extensions ['cmake', 'python']
[0.144s] Level 1:colcon.colcon_core.package_identification:_identify(bag_files/highway_drive_bag) by extension 'cmake'
[0.144s] Level 1:colcon.colcon_core.package_identification:_identify(bag_files/highway_drive_bag) by extension 'python'
[0.144s] Level 1:colcon.colcon_core.package_identification:_identify(bag_files/highway_drive_bag) by extensions ['python_setup_py']
[0.144s] Level 1:colcon.colcon_core.package_identification:_identify(bag_files/highway_drive_bag) by extension 'python_setup_py'
[0.144s] Level 1:colcon.colcon_core.package_identification:_identify(build) by extensions ['ignore', 'ignore_ament_install']
[0.144s] Level 1:colcon.colcon_core.package_identification:_identify(build) by extension 'ignore'
[0.144s] Level 1:colcon.colcon_core.package_identification:_identify(build) ignored
[0.144s] Level 1:colcon.colcon_core.package_identification:_identify(install) by extensions ['ignore', 'ignore_ament_install']
[0.144s] Level 1:colcon.colcon_core.package_identification:_identify(install) by extension 'ignore'
[0.144s] Level 1:colcon.colcon_core.package_identification:_identify(install) ignored
[0.144s] Level 1:colcon.colcon_core.package_identification:_identify(log) by extensions ['ignore', 'ignore_ament_install']
[0.144s] Level 1:colcon.colcon_core.package_identification:_identify(log) by extension 'ignore'
[0.144s] Level 1:colcon.colcon_core.package_identification:_identify(log) ignored
[0.144s] Level 1:colcon.colcon_core.package_identification:_identify(src) by extensions ['ignore', 'ignore_ament_install']
[0.144s] Level 1:colcon.colcon_core.package_identification:_identify(src) by extension 'ignore'
[0.144s] Level 1:colcon.colcon_core.package_identification:_identify(src) by extension 'ignore_ament_install'
[0.144s] Level 1:colcon.colcon_core.package_identification:_identify(src) by extensions ['colcon_pkg']
[0.144s] Level 1:colcon.colcon_core.package_identification:_identify(src) by extension 'colcon_pkg'
[0.144s] Level 1:colcon.colcon_core.package_identification:_identify(src) by extensions ['colcon_meta']
[0.144s] Level 1:colcon.colcon_core.package_identification:_identify(src) by extension 'colcon_meta'
[0.144s] Level 1:colcon.colcon_core.package_identification:_identify(src) by extensions ['ros']
[0.144s] Level 1:colcon.colcon_core.package_identification:_identify(src) by extension 'ros'
[0.144s] Level 1:colcon.colcon_core.package_identification:_identify(src) by extensions ['cmake', 'python']
[0.144s] Level 1:colcon.colcon_core.package_identification:_identify(src) by extension 'cmake'
[0.144s] Level 1:colcon.colcon_core.package_identification:_identify(src) by extension 'python'
[0.144s] Level 1:colcon.colcon_core.package_identification:_identify(src) by extensions ['python_setup_py']
[0.144s] Level 1:colcon.colcon_core.package_identification:_identify(src) by extension 'python_setup_py'
[0.144s] Level 1:colcon.colcon_core.package_identification:_identify(src/kalman_filter) by extensions ['ignore', 'ignore_ament_install']
[0.144s] Level 1:colcon.colcon_core.package_identification:_identify(src/kalman_filter) by extension 'ignore'
[0.144s] Level 1:colcon.colcon_core.package_identification:_identify(src/kalman_filter) by extension 'ignore_ament_install'
[0.144s] Level 1:colcon.colcon_core.package_identification:_identify(src/kalman_filter) by extensions ['colcon_pkg']
[0.145s] Level 1:colcon.colcon_core.package_identification:_identify(src/kalman_filter) by extension 'colcon_pkg'
[0.145s] Level 1:colcon.colcon_core.package_identification:_identify(src/kalman_filter) by extensions ['colcon_meta']
[0.145s] Level 1:colcon.colcon_core.package_identification:_identify(src/kalman_filter) by extension 'colcon_meta'
[0.145s] Level 1:colcon.colcon_core.package_identification:_identify(src/kalman_filter) by extensions ['ros']
[0.145s] Level 1:colcon.colcon_core.package_identification:_identify(src/kalman_filter) by extension 'ros'
[0.146s] DEBUG:colcon.colcon_core.package_identification:Package 'src/kalman_filter' with type 'ros.ament_cmake' and name 'kalman_filter'
[0.146s] Level 1:colcon.colcon_core.package_identification:_identify(synthetic_data_bag) by extensions ['ignore', 'ignore_ament_install']
[0.146s] Level 1:colcon.colcon_core.package_identification:_identify(synthetic_data_bag) by extension 'ignore'
[0.146s] Level 1:colcon.colcon_core.package_identification:_identify(synthetic_data_bag) by extension 'ignore_ament_install'
[0.146s] Level 1:colcon.colcon_core.package_identification:_identify(synthetic_data_bag) by extensions ['colcon_pkg']
[0.146s] Level 1:colcon.colcon_core.package_identification:_identify(synthetic_data_bag) by extension 'colcon_pkg'
[0.146s] Level 1:colcon.colcon_core.package_identification:_identify(synthetic_data_bag) by extensions ['colcon_meta']
[0.146s] Level 1:colcon.colcon_core.package_identification:_identify(synthetic_data_bag) by extension 'colcon_meta'
[0.146s] Level 1:colcon.colcon_core.package_identification:_identify(synthetic_data_bag) by extensions ['ros']
[0.146s] Level 1:colcon.colcon_core.package_identification:_identify(synthetic_data_bag) by extension 'ros'
[0.146s] Level 1:colcon.colcon_core.package_identification:_identify(synthetic_data_bag) by extensions ['cmake', 'python']
[0.146s] Level 1:colcon.colcon_core.package_identification:_identify(synthetic_data_bag) by extension 'cmake'
[0.146s] Level 1:colcon.colcon_core.package_identification:_identify(synthetic_data_bag) by extension 'python'
[0.146s] Level 1:colcon.colcon_core.package_identification:_identify(synthetic_data_bag) by extensions ['python_setup_py']
[0.146s] Level 1:colcon.colcon_core.package_identification:_identify(synthetic_data_bag) by extension 'python_setup_py'
[0.146s] Level 1:colcon.colcon_core.package_discovery:discover_packages(recursive) using defaults
[0.146s] Level 1:colcon.colcon_core.package_discovery:discover_packages(ignore) discover
[0.146s] Level 1:colcon.colcon_core.package_discovery:discover_packages(ignore) using defaults
[0.146s] Level 1:colcon.colcon_core.package_discovery:discover_packages(path) discover
[0.146s] Level 1:colcon.colcon_core.package_discovery:discover_packages(path) using defaults
[0.162s] Level 1:colcon.colcon_core.package_discovery:discover_packages(prefix_path) check parameters
[0.162s] Level 1:colcon.colcon_core.package_discovery:discover_packages(prefix_path) discover
[0.163s] DEBUG:colcon.colcon_installed_package_information.package_discovery:Found 351 installed packages in /opt/ros/humble
[0.164s] Level 1:colcon.colcon_core.package_discovery:discover_packages(prefix_path) using defaults
[0.184s] Level 5:colcon.colcon_core.verb:set package 'kalman_filter' build argument 'cmake_args' from command line to 'None'
[0.184s] Level 5:colcon.colcon_core.verb:set package 'kalman_filter' build argument 'cmake_target' from command line to 'None'
[0.184s] Level 5:colcon.colcon_core.verb:set package 'kalman_filter' build argument 'cmake_target_skip_unavailable' from command line to 'False'
[0.184s] Level 5:colcon.colcon_core.verb:set package 'kalman_filter' build argument 'cmake_clean_cache' from command line to 'False'
[0.184s] Level 5:colcon.colcon_core.verb:set package 'kalman_filter' build argument 'cmake_clean_first' from command line to 'False'
[0.184s] Level 5:colcon.colcon_core.verb:set package 'kalman_filter' build argument 'cmake_force_configure' from command line to 'False'
[0.184s] Level 5:colcon.colcon_core.verb:set package 'kalman_filter' build argument 'ament_cmake_args' from command line to 'None'
[0.184s] Level 5:colcon.colcon_core.verb:set package 'kalman_filter' build argument 'catkin_cmake_args' from command line to 'None'
[0.184s] Level 5:colcon.colcon_core.verb:set package 'kalman_filter' build argument 'catkin_skip_building_tests' from command line to 'False'
[0.184s] DEBUG:colcon.colcon_core.verb:Building package 'kalman_filter' with the following arguments: {'ament_cmake_args': None, 'build_base': '/home/nikunj/ros2_ws/build/kalman_filter', 'catkin_cmake_args': None, 'catkin_skip_building_tests': False, 'cmake_args': None, 'cmake_clean_cache': False, 'cmake_clean_first': False, 'cmake_force_configure': False, 'cmake_target': None, 'cmake_target_skip_unavailable': False, 'install_base': '/home/nikunj/ros2_ws/install/kalman_filter', 'merge_install': False, 'path': '/home/nikunj/ros2_ws/src/kalman_filter', 'symlink_install': False, 'test_result_base': None}
[0.185s] INFO:colcon.colcon_core.executor:Executing jobs using 'parallel' executor
[0.185s] DEBUG:colcon.colcon_parallel_executor.executor.parallel:run_until_complete
[0.185s] INFO:colcon.colcon_ros.task.ament_cmake.build:Building ROS package in '/home/nikunj/ros2_ws/src/kalman_filter' with build type 'ament_cmake'
[0.185s] INFO:colcon.colcon_cmake.task.cmake.build:Building CMake package in '/home/nikunj/ros2_ws/src/kalman_filter'
[0.186s] INFO:colcon.colcon_core.plugin_system:Skipping extension 'colcon_core.shell.bat': Not used on non-Windows systems
[0.186s] INFO:colcon.colcon_core.shell:Skip shell extension 'powershell' for command environment: Not usable outside of PowerShell
[0.186s] DEBUG:colcon.colcon_core.shell:Skip shell extension 'dsv' for command environment
[0.192s] DEBUG:colcon.colcon_core.event_handler.log_command:Invoking command in '/home/nikunj/ros2_ws/build/kalman_filter': CMAKE_PREFIX_PATH=/opt/ros/humble /usr/bin/cmake --build /home/nikunj/ros2_ws/build/kalman_filter -- -j20 -l20
[0.228s] DEBUG:colcon.colcon_core.event_handler.log_command:Invoked command in '/home/nikunj/ros2_ws/build/kalman_filter' returned '0': CMAKE_PREFIX_PATH=/opt/ros/humble /usr/bin/cmake --build /home/nikunj/ros2_ws/build/kalman_filter -- -j20 -l20
[0.246s] DEBUG:colcon.colcon_core.event_handler.log_command:Invoking command in '/home/nikunj/ros2_ws/build/kalman_filter': CMAKE_PREFIX_PATH=/opt/ros/humble /usr/bin/cmake --install /home/nikunj/ros2_ws/build/kalman_filter
[0.251s] Level 1:colcon.colcon_core.environment:create_environment_scripts_only(kalman_filter)
[0.252s] DEBUG:colcon.colcon_core.event_handler.log_command:Invoked command in '/home/nikunj/ros2_ws/build/kalman_filter' returned '0': CMAKE_PREFIX_PATH=/opt/ros/humble /usr/bin/cmake --install /home/nikunj/ros2_ws/build/kalman_filter
[0.253s] Level 1:colcon.colcon_core.environment:checking '/home/nikunj/ros2_ws/install/kalman_filter' for CMake module files
[0.253s] Level 1:colcon.colcon_core.environment:checking '/home/nikunj/ros2_ws/install/kalman_filter' for CMake config files
[0.253s] Level 1:colcon.colcon_core.shell:create_environment_hook('kalman_filter', 'cmake_prefix_path')
[0.253s] INFO:colcon.colcon_core.shell:Creating environment hook '/home/nikunj/ros2_ws/install/kalman_filter/share/kalman_filter/hook/cmake_prefix_path.ps1'
[0.254s] INFO:colcon.colcon_core.shell:Creating environment descriptor '/home/nikunj/ros2_ws/install/kalman_filter/share/kalman_filter/hook/cmake_prefix_path.dsv'
[0.254s] INFO:colcon.colcon_core.shell:Creating environment hook '/home/nikunj/ros2_ws/install/kalman_filter/share/kalman_filter/hook/cmake_prefix_path.sh'
[0.254s] Level 1:colcon.colcon_core.environment:checking '/home/nikunj/ros2_ws/install/kalman_filter/lib'
[0.254s] Level 1:colcon.colcon_core.environment:checking '/home/nikunj/ros2_ws/install/kalman_filter/bin'
[0.254s] Level 1:colcon.colcon_core.environment:checking '/home/nikunj/ros2_ws/install/kalman_filter/lib/pkgconfig/kalman_filter.pc'
[0.254s] Level 1:colcon.colcon_core.environment:checking '/home/nikunj/ros2_ws/install/kalman_filter/lib/python3.10/site-packages'
[0.255s] Level 1:colcon.colcon_core.environment:checking '/home/nikunj/ros2_ws/install/kalman_filter/bin'
[0.255s] INFO:colcon.colcon_core.shell:Creating package script '/home/nikunj/ros2_ws/install/kalman_filter/share/kalman_filter/package.ps1'
[0.255s] INFO:colcon.colcon_core.shell:Creating package descriptor '/home/nikunj/ros2_ws/install/kalman_filter/share/kalman_filter/package.dsv'
[0.289s] INFO:colcon.colcon_core.shell:Creating package script '/home/nikunj/ros2_ws/install/kalman_filter/share/kalman_filter/package.sh'
[0.289s] INFO:colcon.colcon_core.shell:Creating package script '/home/nikunj/ros2_ws/install/kalman_filter/share/kalman_filter/package.bash'
[0.290s] INFO:colcon.colcon_core.shell:Creating package script '/home/nikunj/ros2_ws/install/kalman_filter/share/kalman_filter/package.zsh'
[0.290s] Level 1:colcon.colcon_core.environment:create_file_with_runtime_dependencies(/home/nikunj/ros2_ws/install/kalman_filter/share/colcon-core/packages/kalman_filter)
[0.305s] Level 1:colcon.colcon_core.environment:create_environment_scripts_only(kalman_filter)
[0.305s] Level 1:colcon.colcon_core.environment:checking '/home/nikunj/ros2_ws/install/kalman_filter' for CMake module files
[0.305s] Level 1:colcon.colcon_core.environment:checking '/home/nikunj/ros2_ws/install/kalman_filter' for CMake config files
[0.305s] Level 1:colcon.colcon_core.shell:create_environment_hook('kalman_filter', 'cmake_prefix_path')
[0.305s] INFO:colcon.colcon_core.shell:Creating environment hook '/home/nikunj/ros2_ws/install/kalman_filter/share/kalman_filter/hook/cmake_prefix_path.ps1'
[0.340s] INFO:colcon.colcon_core.shell:Creating environment descriptor '/home/nikunj/ros2_ws/install/kalman_filter/share/kalman_filter/hook/cmake_prefix_path.dsv'
[0.341s] INFO:colcon.colcon_core.shell:Creating environment hook '/home/nikunj/ros2_ws/install/kalman_filter/share/kalman_filter/hook/cmake_prefix_path.sh'
[0.341s] Level 1:colcon.colcon_core.environment:checking '/home/nikunj/ros2_ws/install/kalman_filter/lib'
[0.341s] Level 1:colcon.colcon_core.environment:checking '/home/nikunj/ros2_ws/install/kalman_filter/bin'
[0.341s] Level 1:colcon.colcon_core.environment:checking '/home/nikunj/ros2_ws/install/kalman_filter/lib/pkgconfig/kalman_filter.pc'
[0.341s] Level 1:colcon.colcon_core.environment:checking '/home/nikunj/ros2_ws/install/kalman_filter/lib/python3.10/site-packages'
[0.341s] Level 1:colcon.colcon_core.environment:checking '/home/nikunj/ros2_ws/install/kalman_filter/bin'
[0.341s] INFO:colcon.colcon_core.shell:Creating package script '/home/nikunj/ros2_ws/install/kalman_filter/share/kalman_filter/package.ps1'
[0.342s] INFO:colcon.colcon_core.shell:Creating package descriptor '/home/nikunj/ros2_ws/install/kalman_filter/share/kalman_filter/package.dsv'
[0.342s] INFO:colcon.colcon_core.shell:Creating package script '/home/nikunj/ros2_ws/install/kalman_filter/share/kalman_filter/package.sh'
[0.342s] INFO:colcon.colcon_core.shell:Creating package script '/home/nikunj/ros2_ws/install/kalman_filter/share/kalman_filter/package.bash'
[0.342s] INFO:colcon.colcon_core.shell:Creating package script '/home/nikunj/ros2_ws/install/kalman_filter/share/kalman_filter/package.zsh'
[0.342s] Level 1:colcon.colcon_core.environment:create_file_with_runtime_dependencies(/home/nikunj/ros2_ws/install/kalman_filter/share/colcon-core/packages/kalman_filter)
[0.342s] DEBUG:colcon.colcon_parallel_executor.executor.parallel:closing loop
[0.342s] DEBUG:colcon.colcon_parallel_executor.executor.parallel:loop closed
[0.342s] DEBUG:colcon.colcon_parallel_executor.executor.parallel:run_until_complete finished with '0'
[0.342s] DEBUG:colcon.colcon_core.event_reactor:joining thread
[0.346s] INFO:colcon.colcon_core.plugin_system:Skipping extension 'colcon_notification.desktop_notification.terminal_notifier': Not used on non-Darwin systems
[0.346s] INFO:colcon.colcon_core.plugin_system:Skipping extension 'colcon_notification.desktop_notification.win32': Not used on non-Windows systems
[0.346s] INFO:colcon.colcon_notification.desktop_notification:Sending desktop notification using 'notify2'
[0.353s] DEBUG:colcon.colcon_core.event_reactor:joined thread
[0.353s] INFO:colcon.colcon_core.shell:Creating prefix script '/home/nikunj/ros2_ws/install/local_setup.ps1'
[0.354s] INFO:colcon.colcon_core.shell:Creating prefix util module '/home/nikunj/ros2_ws/install/_local_setup_util_ps1.py'
[0.355s] INFO:colcon.colcon_core.shell:Creating prefix chain script '/home/nikunj/ros2_ws/install/setup.ps1'
[0.356s] INFO:colcon.colcon_core.shell:Creating prefix script '/home/nikunj/ros2_ws/install/local_setup.sh'
[0.356s] INFO:colcon.colcon_core.shell:Creating prefix util module '/home/nikunj/ros2_ws/install/_local_setup_util_sh.py'
[0.357s] INFO:colcon.colcon_core.shell:Creating prefix chain script '/home/nikunj/ros2_ws/install/setup.sh'
[0.357s] INFO:colcon.colcon_core.shell:Creating prefix script '/home/nikunj/ros2_ws/install/local_setup.bash'
[0.357s] INFO:colcon.colcon_core.shell:Creating prefix chain script '/home/nikunj/ros2_ws/install/setup.bash'
[0.358s] INFO:colcon.colcon_core.shell:Creating prefix script '/home/nikunj/ros2_ws/install/local_setup.zsh'
[0.358s] INFO:colcon.colcon_core.shell:Creating prefix chain script '/home/nikunj/ros2_ws/install/setup.zsh'
